<?xml version="1.0" encoding="UTF-8"?>
<!-- Generated by org.testng.reporters.JUnitReportReporter -->
<testsuite hostname="Enthrall_IT" failures="0" tests="1" name="pages.HomePageTest" time="4.766" errors="0" timestamp="2022-09-18T22:57:49 EDT" skipped="0">
  <testcase classname="pages.HomePageTest" name="clickUserIdFieldTest" time="4.766"/>
  <system-out/>
</testsuite> <!-- pages.HomePageTest -->
